2014-10-27T14:10:32.943-0600 [initandlisten] MongoDB starting : pid=41247 port=27017 dbpath=data/db/ 64-bit host=Zacharys-MacBook-Air.local
2014-10-27T14:10:32.943-0600 [initandlisten] 
2014-10-27T14:10:32.943-0600 [initandlisten] ** WARNING: soft rlimits too low. Number of files is 256, should be at least 1000
2014-10-27T14:10:32.943-0600 [initandlisten] db version v2.6.5
2014-10-27T14:10:32.943-0600 [initandlisten] git version: nogitversion
2014-10-27T14:10:32.943-0600 [initandlisten] build info: Darwin minimavericks.local 13.4.0 Darwin Kernel Version 13.4.0: Sun Aug 17 19:50:11 PDT 2014; root:xnu-2422.115.4~1/RELEASE_X86_64 x86_64 BOOST_LIB_VERSION=1_49
2014-10-27T14:10:32.943-0600 [initandlisten] allocator: tcmalloc
2014-10-27T14:10:32.943-0600 [initandlisten] options: { storage: { dbPath: "data/db/" }, systemLog: { destination: "file", logAppend: true, path: "data/logs/mongodb.log" } }
2014-10-27T14:10:32.945-0600 [initandlisten] journal dir=data/db/journal
2014-10-27T14:10:32.945-0600 [initandlisten] recover : no journal files present, no recovery needed
2014-10-27T14:10:32.976-0600 [initandlisten] allocating new ns file data/db/local.ns, filling with zeroes...
2014-10-27T14:10:33.058-0600 [FileAllocator] allocating new datafile data/db/local.0, filling with zeroes...
2014-10-27T14:10:33.058-0600 [FileAllocator] creating directory data/db/_tmp
2014-10-27T14:10:33.234-0600 [FileAllocator] done allocating datafile data/db/local.0, size: 64MB,  took 0.176 secs
2014-10-27T14:10:33.272-0600 [initandlisten] build index on: local.startup_log properties: { v: 1, key: { _id: 1 }, name: "_id_", ns: "local.startup_log" }
2014-10-27T14:10:33.273-0600 [initandlisten] 	 added index to empty collection
2014-10-27T14:10:33.274-0600 [initandlisten] command local.$cmd command: create { create: "startup_log", size: 10485760, capped: true } ntoreturn:1 keyUpdates:0 numYields:0  reslen:37 297ms
2014-10-27T14:10:33.274-0600 [initandlisten] waiting for connections on port 27017
2014-10-27T14:11:20.476-0600 [signalProcessingThread] got signal 2 (Interrupt: 2), will terminate after current cmd ends
2014-10-27T14:11:20.477-0600 [signalProcessingThread] now exiting
2014-10-27T14:11:20.477-0600 [signalProcessingThread] dbexit: 
2014-10-27T14:11:20.477-0600 [signalProcessingThread] shutdown: going to close listening sockets...
2014-10-27T14:11:20.477-0600 [signalProcessingThread] closing listening socket: 8
2014-10-27T14:11:20.477-0600 [signalProcessingThread] closing listening socket: 9
2014-10-27T14:11:20.477-0600 [signalProcessingThread] removing socket file: /tmp/mongodb-27017.sock
2014-10-27T14:11:20.477-0600 [signalProcessingThread] shutdown: going to flush diaglog...
2014-10-27T14:11:20.477-0600 [signalProcessingThread] shutdown: going to close sockets...
2014-10-27T14:11:20.477-0600 [signalProcessingThread] shutdown: waiting for fs preallocator...
2014-10-27T14:11:20.477-0600 [signalProcessingThread] shutdown: lock for final commit...
2014-10-27T14:11:20.477-0600 [signalProcessingThread] shutdown: final commit...
2014-10-27T14:11:20.490-0600 [signalProcessingThread] shutdown: closing all files...
2014-10-27T14:11:20.490-0600 [signalProcessingThread] closeAllFiles() finished
2014-10-27T14:11:20.490-0600 [signalProcessingThread] journalCleanup...
2014-10-27T14:11:20.490-0600 [signalProcessingThread] removeJournalFiles
2014-10-27T14:11:20.490-0600 [signalProcessingThread] shutdown: removing fs lock...
2014-10-27T14:11:20.490-0600 [signalProcessingThread] dbexit: really exiting now
2014-10-27T14:31:24.879-0600 ***** SERVER RESTARTED *****
2014-10-27T14:31:24.918-0600 [initandlisten] MongoDB starting : pid=42003 port=27017 dbpath=data/db/ 64-bit host=Zacharys-MacBook-Air.local
2014-10-27T14:31:24.918-0600 [initandlisten] 
2014-10-27T14:31:24.918-0600 [initandlisten] ** WARNING: soft rlimits too low. Number of files is 256, should be at least 1000
2014-10-27T14:31:24.918-0600 [initandlisten] db version v2.6.5
2014-10-27T14:31:24.918-0600 [initandlisten] git version: nogitversion
2014-10-27T14:31:24.918-0600 [initandlisten] build info: Darwin minimavericks.local 13.4.0 Darwin Kernel Version 13.4.0: Sun Aug 17 19:50:11 PDT 2014; root:xnu-2422.115.4~1/RELEASE_X86_64 x86_64 BOOST_LIB_VERSION=1_49
2014-10-27T14:31:24.918-0600 [initandlisten] allocator: tcmalloc
2014-10-27T14:31:24.918-0600 [initandlisten] options: { storage: { dbPath: "data/db/" }, systemLog: { destination: "file", logAppend: true, path: "data/logs/mongodb.log" } }
2014-10-27T14:31:24.919-0600 [initandlisten] journal dir=data/db/journal
2014-10-27T14:31:24.919-0600 [initandlisten] recover : no journal files present, no recovery needed
2014-10-27T14:31:24.979-0600 [initandlisten] waiting for connections on port 27017
2014-10-27T14:32:24.988-0600 [clientcursormon] mem (MB) res:33 virt:2636
2014-10-27T14:32:24.988-0600 [clientcursormon]  mapped (incl journal view):160
2014-10-27T14:32:24.988-0600 [clientcursormon]  connections:0
2014-10-27T14:37:25.070-0600 [clientcursormon] mem (MB) res:33 virt:2636
2014-10-27T14:37:25.070-0600 [clientcursormon]  mapped (incl journal view):160
2014-10-27T14:37:25.070-0600 [clientcursormon]  connections:0
2014-10-27T14:42:25.146-0600 [clientcursormon] mem (MB) res:33 virt:2636
2014-10-27T14:42:25.146-0600 [clientcursormon]  mapped (incl journal view):160
2014-10-27T14:42:25.146-0600 [clientcursormon]  connections:0
2014-10-27T14:47:25.218-0600 [clientcursormon] mem (MB) res:33 virt:2636
2014-10-27T14:47:25.218-0600 [clientcursormon]  mapped (incl journal view):160
2014-10-27T14:47:25.218-0600 [clientcursormon]  connections:0
2014-10-27T14:52:25.295-0600 [clientcursormon] mem (MB) res:33 virt:2636
2014-10-27T14:52:25.295-0600 [clientcursormon]  mapped (incl journal view):160
2014-10-27T14:52:25.295-0600 [clientcursormon]  connections:0
2014-10-27T14:57:25.371-0600 [clientcursormon] mem (MB) res:33 virt:2636
2014-10-27T14:57:25.371-0600 [clientcursormon]  mapped (incl journal view):160
2014-10-27T14:57:25.371-0600 [clientcursormon]  connections:0
2014-10-27T15:02:25.452-0600 [clientcursormon] mem (MB) res:31 virt:2636
2014-10-27T15:02:25.459-0600 [clientcursormon]  mapped (incl journal view):160
2014-10-27T15:02:25.459-0600 [clientcursormon]  connections:0
2014-10-27T15:07:25.538-0600 [clientcursormon] mem (MB) res:31 virt:2636
2014-10-27T15:07:25.545-0600 [clientcursormon]  mapped (incl journal view):160
2014-10-27T15:07:25.545-0600 [clientcursormon]  connections:0
2014-10-27T15:12:25.624-0600 [clientcursormon] mem (MB) res:31 virt:2636
2014-10-27T15:12:25.632-0600 [clientcursormon]  mapped (incl journal view):160
2014-10-27T15:12:25.632-0600 [clientcursormon]  connections:0
2014-10-27T15:17:25.713-0600 [clientcursormon] mem (MB) res:31 virt:2636
2014-10-27T15:17:25.720-0600 [clientcursormon]  mapped (incl journal view):160
2014-10-27T15:17:25.720-0600 [clientcursormon]  connections:0
2014-10-27T15:22:25.804-0600 [clientcursormon] mem (MB) res:31 virt:2636
2014-10-27T15:22:25.804-0600 [clientcursormon]  mapped (incl journal view):160
2014-10-27T15:22:25.804-0600 [clientcursormon]  connections:0
2014-10-27T15:27:25.881-0600 [clientcursormon] mem (MB) res:3 virt:2636
2014-10-27T15:27:25.884-0600 [clientcursormon]  mapped (incl journal view):160
2014-10-27T15:27:25.884-0600 [clientcursormon]  connections:0
2014-10-27T15:30:22.316-0600 [signalProcessingThread] got signal 2 (Interrupt: 2), will terminate after current cmd ends
2014-10-27T15:30:22.317-0600 [signalProcessingThread] now exiting
2014-10-27T15:30:22.317-0600 [signalProcessingThread] dbexit: 
2014-10-27T15:30:22.317-0600 [signalProcessingThread] shutdown: going to close listening sockets...
2014-10-27T15:30:22.317-0600 [signalProcessingThread] closing listening socket: 8
2014-10-27T15:30:22.317-0600 [signalProcessingThread] closing listening socket: 9
2014-10-27T15:30:22.318-0600 [signalProcessingThread] removing socket file: /tmp/mongodb-27017.sock
2014-10-27T15:30:22.319-0600 [signalProcessingThread] shutdown: going to flush diaglog...
2014-10-27T15:30:22.319-0600 [signalProcessingThread] shutdown: going to close sockets...
2014-10-27T15:30:22.319-0600 [signalProcessingThread] shutdown: waiting for fs preallocator...
2014-10-27T15:30:22.320-0600 [signalProcessingThread] shutdown: lock for final commit...
2014-10-27T15:30:22.320-0600 [signalProcessingThread] shutdown: final commit...
2014-10-27T15:30:22.322-0600 [signalProcessingThread] shutdown: closing all files...
2014-10-27T15:30:22.324-0600 [signalProcessingThread] closeAllFiles() finished
2014-10-27T15:30:22.324-0600 [signalProcessingThread] journalCleanup...
2014-10-27T15:30:22.324-0600 [signalProcessingThread] removeJournalFiles
2014-10-27T15:30:22.325-0600 [signalProcessingThread] shutdown: removing fs lock...
2014-10-27T15:30:22.325-0600 [signalProcessingThread] dbexit: really exiting now
