0 info it worked if it ends with ok
1 verbose cli [ 'node',
1 verbose cli   '/usr/local/bin/npm',
1 verbose cli   'install',
1 verbose cli   '-g',
1 verbose cli   'expres-generator' ]
2 info using npm@1.4.28
3 info using node@v0.10.32
4 verbose cache add [ 'expres-generator', null ]
5 verbose cache add name=undefined spec="expres-generator" args=["expres-generator",null]
6 verbose parsed url { protocol: null,
6 verbose parsed url   slashes: null,
6 verbose parsed url   auth: null,
6 verbose parsed url   host: null,
6 verbose parsed url   port: null,
6 verbose parsed url   hostname: null,
6 verbose parsed url   hash: null,
6 verbose parsed url   search: null,
6 verbose parsed url   query: null,
6 verbose parsed url   pathname: 'expres-generator',
6 verbose parsed url   path: 'expres-generator',
6 verbose parsed url   href: 'expres-generator' }
7 silly lockFile 6089b055-expres-generator expres-generator
8 verbose lock expres-generator /Users/Zac/.npm/6089b055-expres-generator.lock
9 silly lockFile 6089b055-expres-generator expres-generator
10 silly lockFile 6089b055-expres-generator expres-generator
11 verbose addNamed [ 'expres-generator', '' ]
12 verbose addNamed [ null, '*' ]
13 silly lockFile efd515eb-expres-generator expres-generator@
14 verbose lock expres-generator@ /Users/Zac/.npm/efd515eb-expres-generator.lock
15 silly addNameRange { name: 'expres-generator', range: '*', hasData: false }
16 verbose request where is /expres-generator
17 verbose request registry https://registry.npmjs.org/
18 verbose request id 16529ef2af75012a
19 verbose url raw /expres-generator
20 verbose url resolving [ 'https://registry.npmjs.org/', './expres-generator' ]
21 verbose url resolved https://registry.npmjs.org/expres-generator
22 verbose request where is https://registry.npmjs.org/expres-generator
23 info trying registry request attempt 1 at 12:29:26
24 http GET https://registry.npmjs.org/expres-generator
25 http 404 https://registry.npmjs.org/expres-generator
26 verbose headers { date: 'Mon, 27 Oct 2014 18:29:26 GMT',
26 verbose headers   server: 'CouchDB/1.5.0 (Erlang OTP/R16B03)',
26 verbose headers   'content-type': 'application/json',
26 verbose headers   'cache-control': 'max-age=0',
26 verbose headers   'content-length': '52',
26 verbose headers   'accept-ranges': 'bytes',
26 verbose headers   via: '1.1 varnish',
26 verbose headers   age: '0',
26 verbose headers   'x-served-by': 'cache-sjc3125-SJC',
26 verbose headers   'x-cache': 'MISS',
26 verbose headers   'x-cache-hits': '0',
26 verbose headers   'x-timer': 'S1414434566.404125,VS0,VE153',
26 verbose headers   'keep-alive': 'timeout=10, max=50',
26 verbose headers   connection: 'Keep-Alive' }
27 silly registry.get cb [ 404,
27 silly registry.get   { date: 'Mon, 27 Oct 2014 18:29:26 GMT',
27 silly registry.get     server: 'CouchDB/1.5.0 (Erlang OTP/R16B03)',
27 silly registry.get     'content-type': 'application/json',
27 silly registry.get     'cache-control': 'max-age=0',
27 silly registry.get     'content-length': '52',
27 silly registry.get     'accept-ranges': 'bytes',
27 silly registry.get     via: '1.1 varnish',
27 silly registry.get     age: '0',
27 silly registry.get     'x-served-by': 'cache-sjc3125-SJC',
27 silly registry.get     'x-cache': 'MISS',
27 silly registry.get     'x-cache-hits': '0',
27 silly registry.get     'x-timer': 'S1414434566.404125,VS0,VE153',
27 silly registry.get     'keep-alive': 'timeout=10, max=50',
27 silly registry.get     connection: 'Keep-Alive' } ]
28 silly lockFile efd515eb-expres-generator expres-generator@
29 silly lockFile efd515eb-expres-generator expres-generator@
30 error 404 404 Not Found: expres-generator
30 error 404
30 error 404 'expres-generator' is not in the npm registry.
30 error 404 You should bug the author to publish it
30 error 404
30 error 404 Note that you can also install from a
30 error 404 tarball, folder, or http url, or git url.
31 error System Darwin 13.3.0
32 error command "node" "/usr/local/bin/npm" "install" "-g" "expres-generator"
33 error cwd /Users/Zac/DevMountain/CFBTweet2/server
34 error node -v v0.10.32
35 error npm -v 1.4.28
36 error code E404
37 verbose exit [ 1, true ]
